<?xml version="1.0" encoding="UTF-8"?>
<robot generator="Robot 4.1.3 (Python 3.9.9 on win32)" generated="20220228 12:27:00.622" rpa="false" schemaversion="2">
    <suite id="s1" name="TestCases" source="C:\Users\aravind.v\PycharmProjects\pythonProject1\TestCases">
        <suite id="s1-s1" name="TC1" source="C:\Users\aravind.v\PycharmProjects\pythonProject1\TestCases\TC1.robot">
            <test id="s1-s1-t1" name="LoginTestChrome">
                <kw name="open the browser and navigate to the url" library="Generic">
                    <arg>${Browser1}</arg>
                    <arg>${url}</arg>
                    <kw name="Get Driver Path" library="DriverSync">
                        <var>${driver_path}</var>
                        <arg>${browser_name}</arg>
                        <msg timestamp="20220228 12:27:00.997" level="INFO">
                        </msg>
                        <msg timestamp="20220228 12:27:00.997" level="INFO">====== WebDriver manager ======</msg>
                        <msg timestamp="20220228 12:27:02.656" level="INFO">Current google-chrome version is 98.0.4758
                        </msg>
                        <msg timestamp="20220228 12:27:02.656" level="INFO">Get LATEST chromedriver version for
                            98.0.4758 google-chrome
                        </msg>
                        <msg timestamp="20220228 12:27:02.977" level="INFO">Trying to download new driver from
                            https://chromedriver.storage.googleapis.com/98.0.4758.102/chromedriver_win32.zip
                        </msg>
                        <msg timestamp="20220228 12:27:06.848" level="INFO">Driver has been saved in cache
                            [C:\Users\aravind.v\.wdm\drivers\chromedriver\win32\98.0.4758.102]
                        </msg>
                        <msg timestamp="20220228 12:27:06.849" level="INFO">
                            C:\Users\aravind.v\.wdm\drivers\chromedriver\win32\98.0.4758.102\chromedriver.exe
                        </msg>
                        <msg timestamp="20220228 12:27:06.849" level="INFO">====== WebDriver manager ======
                            Current google-chrome version is 98.0.4758
                            Get LATEST chromedriver version for 98.0.4758 google-chrome
                            Trying to download new driver from
                            https://chromedriver.storage.googleapis.com/98.0.4758.102/chromedriver_win32.zip
                            Driver has been saved in cache
                            [C:\Users\aravind.v\.wdm\drivers\chromedriver\win32\98.0.4758.102]
                        </msg>
                        <msg timestamp="20220228 12:27:06.850" level="INFO">${driver_path} =
                            C:\Users\aravind.v\.wdm\drivers\chromedriver\win32\98.0.4758.102\chromedriver.exe
                        </msg>
                        <status status="PASS" starttime="20220228 12:27:00.997" endtime="20220228 12:27:06.850"/>
                    </kw>
                    <kw name="Create Webdriver" library="SeleniumLibrary">
                        <arg>${browser_name}</arg>
                        <arg>executable_path=${driver_path}</arg>
                        <doc>Creates an instance of Selenium WebDriver.</doc>
                        <msg timestamp="20220228 12:27:06.851" level="INFO">Creating an instance of the Chrome
                            WebDriver.
                        </msg>
                        <status status="PASS" starttime="20220228 12:27:06.850" endtime="20220228 12:27:08.289"/>
                    </kw>
                    <kw name="Go To" library="SeleniumLibrary">
                        <arg>${url}</arg>
                        <doc>Navigates the current browser window to the provided ``url``.</doc>
                        <msg timestamp="20220228 12:27:08.290" level="INFO">Opening url 'https://www.redbus.in/'</msg>
                        <status status="PASS" starttime="20220228 12:27:08.289" endtime="20220228 12:27:12.462"/>
                    </kw>
                    <status status="PASS" starttime="20220228 12:27:00.996" endtime="20220228 12:27:12.463"/>
                </kw>
                <kw name="Maximize Browser Window" library="SeleniumLibrary">
                    <doc>Maximizes current browser window.</doc>
                    <status status="PASS" starttime="20220228 12:27:12.464" endtime="20220228 12:27:12.579"/>
                </kw>
                <tag>smoke</tag>
                <status status="PASS" starttime="20220228 12:27:00.995" endtime="20220228 12:27:12.579"/>
            </test>
            <test id="s1-s1-t2" name="LoginTestEdge1">
                <kw name="open the browser and navigate to the url" library="Generic">
                    <arg>${Browser2}</arg>
                    <arg>${url}</arg>
                    <kw name="Get Driver Path" library="DriverSync">
                        <var>${driver_path}</var>
                        <arg>${browser_name}</arg>
                        <msg timestamp="20220228 12:27:12.583" level="INFO">====== WebDriver manager ======</msg>
                        <msg timestamp="20220228 12:27:15.515" level="INFO">Current edge version is 98.0.1108</msg>
                        <msg timestamp="20220228 12:27:15.515" level="INFO">Get LATEST edgedriver version for 98.0.1108
                            Edge
                        </msg>
                        <msg timestamp="20220228 12:27:16.204" level="INFO">Trying to download new driver from
                            https://msedgedriver.azureedge.net/98.0.1108.62/edgedriver_win64.zip
                        </msg>
                        <msg timestamp="20220228 12:27:24.289" level="INFO">Driver has been saved in cache
                            [C:\Users\aravind.v\.wdm\drivers\edgedriver\win64\98.0.1108.62]
                        </msg>
                        <msg timestamp="20220228 12:27:24.291" level="INFO">
                            C:\Users\aravind.v\.wdm\drivers\edgedriver\win64\98.0.1108.62\msedgedriver.exe
                        </msg>
                        <msg timestamp="20220228 12:27:24.291" level="INFO">${driver_path} =
                            C:\Users\aravind.v\.wdm\drivers\edgedriver\win64\98.0.1108.62\msedgedriver.exe
                        </msg>
                        <status status="PASS" starttime="20220228 12:27:12.582" endtime="20220228 12:27:24.291"/>
                    </kw>
                    <kw name="Create Webdriver" library="SeleniumLibrary">
                        <arg>${browser_name}</arg>
                        <arg>executable_path=${driver_path}</arg>
                        <doc>Creates an instance of Selenium WebDriver.</doc>
                        <msg timestamp="20220228 12:27:24.292" level="INFO">Creating an instance of the Edge
                            WebDriver.
                        </msg>
                        <status status="PASS" starttime="20220228 12:27:24.291" endtime="20220228 12:27:27.858"/>
                    </kw>
                    <kw name="Go To" library="SeleniumLibrary">
                        <arg>${url}</arg>
                        <doc>Navigates the current browser window to the provided ``url``.</doc>
                        <msg timestamp="20220228 12:27:27.860" level="INFO">Opening url 'https://www.redbus.in/'</msg>
                        <status status="PASS" starttime="20220228 12:27:27.858" endtime="20220228 12:27:30.031"/>
                    </kw>
                    <status status="PASS" starttime="20220228 12:27:12.581" endtime="20220228 12:27:30.032"/>
                </kw>
                <kw name="Maximize Browser Window" library="SeleniumLibrary">
                    <doc>Maximizes current browser window.</doc>
                    <status status="PASS" starttime="20220228 12:27:30.032" endtime="20220228 12:27:30.155"/>
                </kw>
                <tag>smoke</tag>
                <status status="PASS" starttime="20220228 12:27:12.580" endtime="20220228 12:27:30.155"/>
            </test>
            <test id="s1-s1-t3" name="LoginTestEdge2">
                <kw name="open the browser and navigate to the url" library="Generic">
                    <arg>${Browser2}</arg>
                    <arg>${url}</arg>
                    <kw name="Get Driver Path" library="DriverSync">
                        <var>${driver_path}</var>
                        <arg>${browser_name}</arg>
                        <msg timestamp="20220228 12:27:30.156" level="INFO">====== WebDriver manager ======</msg>
                        <msg timestamp="20220228 12:27:32.668" level="INFO">Current edge version is 98.0.1108</msg>
                        <msg timestamp="20220228 12:27:32.668" level="INFO">Get LATEST edgedriver version for 98.0.1108
                            Edge
                        </msg>
                        <msg timestamp="20220228 12:27:33.485" level="INFO">Trying to download new driver from
                            https://msedgedriver.azureedge.net/98.0.1108.62/edgedriver_win64.zip
                        </msg>
                        <msg timestamp="20220228 12:27:43.828" level="INFO">Driver has been saved in cache
                            [C:\Users\aravind.v\.wdm\drivers\edgedriver\win64\98.0.1108.62]
                        </msg>
                        <msg timestamp="20220228 12:27:43.830" level="INFO">
                            C:\Users\aravind.v\.wdm\drivers\edgedriver\win64\98.0.1108.62\msedgedriver.exe
                        </msg>
                        <msg timestamp="20220228 12:27:43.830" level="INFO">${driver_path} =
                            C:\Users\aravind.v\.wdm\drivers\edgedriver\win64\98.0.1108.62\msedgedriver.exe
                        </msg>
                        <status status="PASS" starttime="20220228 12:27:30.156" endtime="20220228 12:27:43.830"/>
                    </kw>
                    <kw name="Create Webdriver" library="SeleniumLibrary">
                        <arg>${browser_name}</arg>
                        <arg>executable_path=${driver_path}</arg>
                        <doc>Creates an instance of Selenium WebDriver.</doc>
                        <msg timestamp="20220228 12:27:43.832" level="INFO">Creating an instance of the Edge
                            WebDriver.
                        </msg>
                        <status status="PASS" starttime="20220228 12:27:43.831" endtime="20220228 12:27:47.443"/>
                    </kw>
                    <kw name="Go To" library="SeleniumLibrary">
                        <arg>${url}</arg>
                        <doc>Navigates the current browser window to the provided ``url``.</doc>
                        <msg timestamp="20220228 12:27:47.444" level="INFO">Opening url 'https://www.redbus.in/'</msg>
                        <status status="PASS" starttime="20220228 12:27:47.444" endtime="20220228 12:27:49.536"/>
                    </kw>
                    <status status="PASS" starttime="20220228 12:27:30.156" endtime="20220228 12:27:49.536"/>
                </kw>
                <kw name="Maximize Browser Window" library="SeleniumLibrary">
                    <doc>Maximizes current browser window.</doc>
                    <status status="PASS" starttime="20220228 12:27:49.536" endtime="20220228 12:27:49.678"/>
                </kw>
                <tag>smoke</tag>
                <status status="PASS" starttime="20220228 12:27:30.155" endtime="20220228 12:27:49.679"/>
            </test>
            <kw name="Close All Browsers" library="SeleniumLibrary" type="TEARDOWN">
                <doc>Closes all open browsers and resets the browser cache.</doc>
                <status status="PASS" starttime="20220228 12:27:49.680" endtime="20220228 12:27:57.307"/>
            </kw>
            <status status="PASS" starttime="20220228 12:27:00.649" endtime="20220228 12:27:57.307"/>
        </suite>
        <status status="PASS" starttime="20220228 12:27:00.633" endtime="20220228 12:27:57.311"/>
    </suite>
    <statistics>
        <total>
            <stat pass="3" fail="0" skip="0">All Tests</stat>
        </total>
        <tag>
            <stat pass="3" fail="0" skip="0">smoke</stat>
        </tag>
        <suite>
            <stat pass="3" fail="0" skip="0" id="s1" name="TestCases">TestCases</stat>
            <stat pass="3" fail="0" skip="0" id="s1-s1" name="TC1">TestCases.TC1</stat>
        </suite>
    </statistics>
    <errors>
    </errors>
</robot>
