<?xml version="1.0" encoding="UTF-8"?>
<robot generator="Robot 4.1.3 (Python 3.9.9 on win32)" generated="20220228 12:27:00.578" rpa="false" schemaversion="2">
    <suite id="s1" name="TestCases" source="C:\Users\aravind.v\PycharmProjects\pythonProject1\TestCases">
        <suite id="s1-s1" name="TC2" source="C:\Users\aravind.v\PycharmProjects\pythonProject1\TestCases\TC2.robot">
            <test id="s1-s1-t1" name="Test Chrome">
                <kw name="Validate UnSuccesful Login">
                    <arg>Chrome</arg>
                    <arg>https://www.redbus.in/</arg>
                    <kw name="open the browser and navigate to the url" library="Generic">
                        <arg>${browser_name}</arg>
                        <arg>${url}</arg>
                        <kw name="Get Driver Path" library="DriverSync">
                            <var>${driver_path}</var>
                            <arg>${browser_name}</arg>
                            <msg timestamp="20220228 12:27:00.963" level="INFO">
                            </msg>
                            <msg timestamp="20220228 12:27:00.963" level="INFO">====== WebDriver manager ======</msg>
                            <msg timestamp="20220228 12:27:02.540" level="INFO">Current google-chrome version is
                                98.0.4758
                            </msg>
                            <msg timestamp="20220228 12:27:02.540" level="INFO">Get LATEST chromedriver version for
                                98.0.4758 google-chrome
                            </msg>
                            <msg timestamp="20220228 12:27:02.954" level="INFO">Trying to download new driver from
                                https://chromedriver.storage.googleapis.com/98.0.4758.102/chromedriver_win32.zip
                            </msg>
                            <msg timestamp="20220228 12:27:07.968" level="INFO">Driver has been saved in cache
                                [C:\Users\aravind.v\.wdm\drivers\chromedriver\win32\98.0.4758.102]
                            </msg>
                            <msg timestamp="20220228 12:27:07.970" level="INFO">
                                C:\Users\aravind.v\.wdm\drivers\chromedriver\win32\98.0.4758.102\chromedriver.exe
                            </msg>
                            <msg timestamp="20220228 12:27:07.970" level="INFO">====== WebDriver manager ======
                                Current google-chrome version is 98.0.4758
                                Get LATEST chromedriver version for 98.0.4758 google-chrome
                                Trying to download new driver from
                                https://chromedriver.storage.googleapis.com/98.0.4758.102/chromedriver_win32.zip
                                Driver has been saved in cache
                                [C:\Users\aravind.v\.wdm\drivers\chromedriver\win32\98.0.4758.102]
                            </msg>
                            <msg timestamp="20220228 12:27:07.970" level="INFO">${driver_path} =
                                C:\Users\aravind.v\.wdm\drivers\chromedriver\win32\98.0.4758.102\chromedriver.exe
                            </msg>
                            <status status="PASS" starttime="20220228 12:27:00.962" endtime="20220228 12:27:07.971"/>
                        </kw>
                        <kw name="Create Webdriver" library="SeleniumLibrary">
                            <arg>${browser_name}</arg>
                            <arg>executable_path=${driver_path}</arg>
                            <doc>Creates an instance of Selenium WebDriver.</doc>
                            <msg timestamp="20220228 12:27:07.975" level="INFO">Creating an instance of the Chrome
                                WebDriver.
                            </msg>
                            <status status="PASS" starttime="20220228 12:27:07.971" endtime="20220228 12:27:09.770"/>
                        </kw>
                        <kw name="Go To" library="SeleniumLibrary">
                            <arg>${url}</arg>
                            <doc>Navigates the current browser window to the provided ``url``.</doc>
                            <msg timestamp="20220228 12:27:09.772" level="INFO">Opening url 'https://www.redbus.in/'
                            </msg>
                            <status status="PASS" starttime="20220228 12:27:09.771" endtime="20220228 12:27:13.188"/>
                        </kw>
                        <status status="PASS" starttime="20220228 12:27:00.961" endtime="20220228 12:27:13.189"/>
                    </kw>
                    <kw name="Wait Until element passed is located on Page and click element" library="Generic">
                        <arg>${redbus icon}</arg>
                        <kw name="Wait Until Element Is Visible" library="SeleniumLibrary">
                            <arg>${page_locator}</arg>
                            <arg>timeout=10</arg>
                            <doc>Waits until the element ``locator`` is visible.</doc>
                            <status status="PASS" starttime="20220228 12:27:13.191" endtime="20220228 12:27:13.218"/>
                        </kw>
                        <kw name="Click Element" library="SeleniumLibrary">
                            <arg>${page_locator}</arg>
                            <doc>Click the element identified by ``locator``.</doc>
                            <msg timestamp="20220228 12:27:13.220" level="INFO">Clicking element 'id:redBus'.</msg>
                            <status status="PASS" starttime="20220228 12:27:13.218" endtime="20220228 12:27:16.016"/>
                        </kw>
                        <status status="PASS" starttime="20220228 12:27:13.190" endtime="20220228 12:27:16.017"/>
                    </kw>
                    <status status="PASS" starttime="20220228 12:27:00.961" endtime="20220228 12:27:16.017"/>
                </kw>
                <status status="PASS" starttime="20220228 12:27:00.960" endtime="20220228 12:27:16.018"/>
            </test>
            <test id="s1-s1-t2" name="Test Edge">
                <kw name="Validate UnSuccesful Login">
                    <arg>Edge</arg>
                    <arg>https://www.redbus.in/</arg>
                    <kw name="open the browser and navigate to the url" library="Generic">
                        <arg>${browser_name}</arg>
                        <arg>${url}</arg>
                        <kw name="Get Driver Path" library="DriverSync">
                            <var>${driver_path}</var>
                            <arg>${browser_name}</arg>
                            <msg timestamp="20220228 12:27:16.023" level="INFO">====== WebDriver manager ======</msg>
                            <msg timestamp="20220228 12:27:18.701" level="INFO">Current edge version is 98.0.1108</msg>
                            <msg timestamp="20220228 12:27:18.701" level="INFO">Get LATEST edgedriver version for
                                98.0.1108 Edge
                            </msg>
                            <msg timestamp="20220228 12:27:19.210" level="INFO">Trying to download new driver from
                                https://msedgedriver.azureedge.net/98.0.1108.62/edgedriver_win64.zip
                            </msg>
                            <msg timestamp="20220228 12:27:35.342" level="INFO">Driver has been saved in cache
                                [C:\Users\aravind.v\.wdm\drivers\edgedriver\win64\98.0.1108.62]
                            </msg>
                            <msg timestamp="20220228 12:27:35.343" level="INFO">
                                C:\Users\aravind.v\.wdm\drivers\edgedriver\win64\98.0.1108.62\msedgedriver.exe
                            </msg>
                            <msg timestamp="20220228 12:27:35.343" level="INFO">${driver_path} =
                                C:\Users\aravind.v\.wdm\drivers\edgedriver\win64\98.0.1108.62\msedgedriver.exe
                            </msg>
                            <status status="PASS" starttime="20220228 12:27:16.022" endtime="20220228 12:27:35.343"/>
                        </kw>
                        <kw name="Create Webdriver" library="SeleniumLibrary">
                            <arg>${browser_name}</arg>
                            <arg>executable_path=${driver_path}</arg>
                            <doc>Creates an instance of Selenium WebDriver.</doc>
                            <msg timestamp="20220228 12:27:35.344" level="INFO">Creating an instance of the Edge
                                WebDriver.
                            </msg>
                            <status status="PASS" starttime="20220228 12:27:35.343" endtime="20220228 12:27:38.847"/>
                        </kw>
                        <kw name="Go To" library="SeleniumLibrary">
                            <arg>${url}</arg>
                            <doc>Navigates the current browser window to the provided ``url``.</doc>
                            <msg timestamp="20220228 12:27:38.848" level="INFO">Opening url 'https://www.redbus.in/'
                            </msg>
                            <status status="PASS" starttime="20220228 12:27:38.848" endtime="20220228 12:27:41.056"/>
                        </kw>
                        <status status="PASS" starttime="20220228 12:27:16.021" endtime="20220228 12:27:41.056"/>
                    </kw>
                    <kw name="Wait Until element passed is located on Page and click element" library="Generic">
                        <arg>${redbus icon}</arg>
                        <kw name="Wait Until Element Is Visible" library="SeleniumLibrary">
                            <arg>${page_locator}</arg>
                            <arg>timeout=10</arg>
                            <doc>Waits until the element ``locator`` is visible.</doc>
                            <status status="PASS" starttime="20220228 12:27:41.057" endtime="20220228 12:27:41.091"/>
                        </kw>
                        <kw name="Click Element" library="SeleniumLibrary">
                            <arg>${page_locator}</arg>
                            <doc>Click the element identified by ``locator``.</doc>
                            <msg timestamp="20220228 12:27:41.092" level="INFO">Clicking element 'id:redBus'.</msg>
                            <status status="PASS" starttime="20220228 12:27:41.091" endtime="20220228 12:27:43.389"/>
                        </kw>
                        <status status="PASS" starttime="20220228 12:27:41.057" endtime="20220228 12:27:43.389"/>
                    </kw>
                    <status status="PASS" starttime="20220228 12:27:16.020" endtime="20220228 12:27:43.389"/>
                </kw>
                <status status="PASS" starttime="20220228 12:27:16.019" endtime="20220228 12:27:43.390"/>
            </test>
            <kw name="Close All Browsers" library="SeleniumLibrary" type="TEARDOWN">
                <doc>Closes all open browsers and resets the browser cache.</doc>
                <status status="PASS" starttime="20220228 12:27:43.390" endtime="20220228 12:27:48.316"/>
            </kw>
            <doc>To validate the Login form</doc>
            <status status="PASS" starttime="20220228 12:27:00.607" endtime="20220228 12:27:48.316"/>
        </suite>
        <status status="PASS" starttime="20220228 12:27:00.590" endtime="20220228 12:27:48.317"/>
    </suite>
    <statistics>
        <total>
            <stat pass="2" fail="0" skip="0">All Tests</stat>
        </total>
        <tag>
        </tag>
        <suite>
            <stat pass="2" fail="0" skip="0" id="s1" name="TestCases">TestCases</stat>
            <stat pass="2" fail="0" skip="0" id="s1-s1" name="TC2">TestCases.TC2</stat>
        </suite>
    </statistics>
    <errors>
    </errors>
</robot>
